<?xml version="1.0" encoding="UTF-8"?>
<testng-results skipped="0" failed="0" ignored="0" total="1" passed="1">
  <reporter-output>
  </reporter-output>
  <suite name="Suite" duration-ms="34622" started-at="2019-10-07T20:19:06Z" finished-at="2019-10-07T20:19:41Z">
    <groups>
      <group name="cucumber">
        <method signature="AbstractTestNGCucumberTests.feature(cucumber.api.testng.CucumberFeatureWrapper)[pri:0, instance:com.qa.POC.RunnerClass.RunnerClass@396a51ab]" name="feature" class="cucumber.api.testng.AbstractTestNGCucumberTests"/>
      </group> <!-- cucumber -->
    </groups>
    <test name="Cucumber Test" duration-ms="34622" started-at="2019-10-07T20:19:06Z" finished-at="2019-10-07T20:19:41Z">
      <class name="com.qa.POC.RunnerClass.RunnerClass">
        <test-method status="PASS" signature="setup()[pri:0, instance:com.qa.POC.RunnerClass.RunnerClass@396a51ab]" name="setup" is-config="true" duration-ms="655" started-at="2019-10-07T20:19:06Z" finished-at="2019-10-07T20:19:06Z">
          <reporter-output>
          </reporter-output>
        </test-method> <!-- setup -->
        <test-method status="PASS" signature="setUpClass()[pri:0, instance:com.qa.POC.RunnerClass.RunnerClass@396a51ab]" name="setUpClass" is-config="true" duration-ms="2436" started-at="2019-10-07T20:19:07Z" finished-at="2019-10-07T20:19:09Z">
          <reporter-output>
          </reporter-output>
        </test-method> <!-- setUpClass -->
        <test-method status="PASS" signature="feature(cucumber.api.testng.CucumberFeatureWrapper)[pri:0, instance:com.qa.POC.RunnerClass.RunnerClass@396a51ab]" name="feature" duration-ms="30023" started-at="2019-10-07T20:19:10Z" description="Runs Cucumber Feature" data-provider="features" finished-at="2019-10-07T20:19:40Z">
          <params>
            <param index="0">
              <value>
                <![CDATA[Validate the behavior for Financial Advisor]]>
              </value>
            </param>
          </params>
          <reporter-output>
          </reporter-output>
        </test-method> <!-- feature -->
        <test-method status="PASS" signature="tearDownClass()[pri:0, instance:com.qa.POC.RunnerClass.RunnerClass@396a51ab]" name="tearDownClass" is-config="true" duration-ms="1450" started-at="2019-10-07T20:19:40Z" finished-at="2019-10-07T20:19:41Z">
          <reporter-output>
          </reporter-output>
        </test-method> <!-- tearDownClass -->
        <test-method status="PASS" signature="endReport()[pri:0, instance:com.qa.POC.RunnerClass.RunnerClass@396a51ab]" name="endReport" is-config="true" duration-ms="2570" started-at="2019-10-07T20:19:41Z" finished-at="2019-10-07T20:19:44Z">
          <reporter-output>
          </reporter-output>
        </test-method> <!-- endReport -->
      </class> <!-- com.qa.POC.RunnerClass.RunnerClass -->
    </test> <!-- Cucumber Test -->
  </suite> <!-- Suite -->
</testng-results>
